# JRE version: OpenJDK Runtime Environment Temurin-25.0.1+8 (25.0.1+8) (build 25.0.1+8-LTS)
# Java VM: OpenJDK 64-Bit Server VM Temurin-25.0.1+8 (25.0.1+8-LTS, mixed mode, sharing, tiered, compressed oops, compressed class ptrs, parallel gc, linux-amd64)
GC Precious Log:
 CardTable entry size: 512
 CPUs: 16 total, 16 available
 Memory: 31817M
 Large Page Support: Disabled
 NUMA Support: Disabled
 Compressed Oops: Enabled (32-bit)
 Alignments: Space 512K, Generation 512K, Heap 2M
 Heap Min Capacity: 100M
 Heap Initial Capacity: 100M
 Heap Max Capacity: 2G
 Pre-touch: Disabled
 Parallel Workers: 13
Heap:
 PSYoungGen      total 32256K, used 6986K [0x00000000d5580000, 0x00000000d7800000, 0x0000000100000000)
  eden space 31232K, 19% used [0x00000000d5580000,0x00000000d5b5e818,0x00000000d7400000)
  from space 1024K, 95% used [0x00000000d7580000,0x00000000d76740c8,0x00000000d7680000)
  to   space 1536K, 0% used [0x00000000d7680000,0x00000000d7680000,0x00000000d7800000)
 ParOldGen       total 68608K, used 53114K [0x0000000080000000, 0x0000000084300000, 0x00000000d5580000)
  object space 68608K, 77% used [0x0000000080000000,0x00000000833deb80,0x0000000084300000)
GC Heap Usage History (20 events):
Event: 77.114 {heap Before GC invocations=41 (full 3):
 PSYoungGen      total 32256K, used 32248K [0x00000000d5580000, 0x00000000d7800000, 0x0000000100000000)
  eden space 31232K, 100% used [0x00000000d5580000,0x00000000d7400000,0x00000000d7400000)
  from space 1024K, 99% used [0x00000000d7480000,0x00000000d757e198,0x00000000d7580000)
  to   space 2048K, 0% used [0x00000000d7600000,0x00000000d7600000,0x00000000d7800000)
 ParOldGen       total 68608K, used 49236K [0x0000000080000000, 0x0000000084300000, 0x00000000d558000Event: 77.120 {heap After GC invocations=41 (full 3):
 PSYoungGen      total 32256K, used 384K [0x00000000d5580000, 0x00000000d7680000, 0x0000000100000000)
  eden space 31744K, 0% used [0x00000000d5580000,0x00000000d5580000,0x00000000d7480000)
  from space 512K, 75% used [0x00000000d7600000,0x00000000d7660000,0x00000000d7680000)
  to   space 1024K, 0% used [0x00000000d7480000,0x00000000d7480000,0x00000000d7580000)
 ParOldGen       total 68608K, used 50258K [0x0000000080000000, 0x0000000084300000, 0x00000000d5580000)
  oEvent: 77.404 {heap Before GC invocations=42 (full 3):
 PSYoungGen      total 32256K, used 32128K [0x00000000d5580000, 0x00000000d7680000, 0x0000000100000000)
  eden space 31744K, 100% used [0x00000000d5580000,0x00000000d7480000,0x00000000d7480000)
  from space 512K, 75% used [0x00000000d7600000,0x00000000d7660000,0x00000000d7680000)
  to   space 1024K, 0% used [0x00000000d7480000,0x00000000d7480000,0x00000000d7580000)
 ParOldGen       total 68608K, used 50258K [0x0000000080000000, 0x0000000084300000, 0x00000000d5580000Event: 77.405 {heap After GC invocations=42 (full 3):
 PSYoungGen      total 32768K, used 416K [0x00000000d5580000, 0x00000000d7680000, 0x0000000100000000)
  eden space 31744K, 0% used [0x00000000d5580000,0x00000000d5580000,0x00000000d7480000)
  from space 1024K, 40% used [0x00000000d7480000,0x00000000d74e8000,0x00000000d7580000)
  to   space 512K, 0% used [0x00000000d7600000,0x00000000d7600000,0x00000000d7680000)
 ParOldGen       total 68608K, used 50394K [0x0000000080000000, 0x0000000084300000, 0x00000000d5580000)
  oEvent: 77.519 {heap Before GC invocations=43 (full 3):
 PSYoungGen      total 32768K, used 32160K [0x00000000d5580000, 0x00000000d7680000, 0x0000000100000000)
  eden space 31744K, 100% used [0x00000000d5580000,0x00000000d7480000,0x00000000d7480000)
  from space 1024K, 40% used [0x00000000d7480000,0x00000000d74e8000,0x00000000d7580000)
  to   space 512K, 0% used [0x00000000d7600000,0x00000000d7600000,0x00000000d7680000)
 ParOldGen       total 68608K, used 50394K [0x0000000080000000, 0x0000000084300000, 0x00000000d5580000Event: 77.520 {heap After GC invocations=43 (full 3):
 PSYoungGen      total 33280K, used 288K [0x00000000d5580000, 0x00000000d7680000, 0x0000000100000000)
  eden space 32768K, 0% used [0x00000000d5580000,0x00000000d5580000,0x00000000d7580000)
  from space 512K, 56% used [0x00000000d7600000,0x00000000d7648000,0x00000000d7680000)
  to   space 512K, 0% used [0x00000000d7580000,0x00000000d7580000,0x00000000d7600000)
 ParOldGen       total 68608K, used 50466K [0x0000000080000000, 0x0000000084300000, 0x00000000d5580000)
  obEvent: 77.663 {heap Before GC invocations=44 (full 3):
 PSYoungGen      total 33280K, used 33056K [0x00000000d5580000, 0x00000000d7680000, 0x0000000100000000)
  eden space 32768K, 100% used [0x00000000d5580000,0x00000000d7580000,0x00000000d7580000)
  from space 512K, 56% used [0x00000000d7600000,0x00000000d7648000,0x00000000d7680000)
  to   space 512K, 0% used [0x00000000d7580000,0x00000000d7580000,0x00000000d7600000)
 ParOldGen       total 68608K, used 50466K [0x0000000080000000, 0x0000000084300000, 0x00000000d5580000)Event: 77.666 {heap After GC invocations=44 (full 3):
 PSYoungGen      total 33280K, used 384K [0x00000000d5580000, 0x00000000d7680000, 0x0000000100000000)
  eden space 32768K, 0% used [0x00000000d5580000,0x00000000d5580000,0x00000000d7580000)
  from space 512K, 75% used [0x00000000d7580000,0x00000000d75e0000,0x00000000d7600000)
  to   space 512K, 0% used [0x00000000d7600000,0x00000000d7600000,0x00000000d7680000)
 ParOldGen       total 68608K, used 50530K [0x0000000080000000, 0x0000000084300000, 0x00000000d5580000)
  obEvent: 77.793 {heap Before GC invocations=45 (full 3):
 PSYoungGen      total 33280K, used 33152K [0x00000000d5580000, 0x00000000d7680000, 0x0000000100000000)
  eden space 32768K, 100% used [0x00000000d5580000,0x00000000d7580000,0x00000000d7580000)
  from space 512K, 75% used [0x00000000d7580000,0x00000000d75e0000,0x00000000d7600000)
  to   space 512K, 0% used [0x00000000d7600000,0x00000000d7600000,0x00000000d7680000)
 ParOldGen       total 68608K, used 50530K [0x0000000080000000, 0x0000000084300000, 0x00000000d5580000)Event: 77.793 {heap After GC invocations=45 (full 3):
 PSYoungGen      total 33280K, used 384K [0x00000000d5580000, 0x00000000d7680000, 0x0000000100000000)
  eden space 32768K, 0% used [0x00000000d5580000,0x00000000d5580000,0x00000000d7580000)
  from space 512K, 75% used [0x00000000d7600000,0x00000000d7660000,0x00000000d7680000)
  to   space 512K, 0% used [0x00000000d7580000,0x00000000d7580000,0x00000000d7600000)
 ParOldGen       total 68608K, used 50546K [0x0000000080000000, 0x0000000084300000, 0x00000000d5580000)
  obEvent: 77.855 {heap Before GC invocations=46 (full 3):
 PSYoungGen      total 33280K, used 33152K [0x00000000d5580000, 0x00000000d7680000, 0x0000000100000000)
  eden space 32768K, 100% used [0x00000000d5580000,0x00000000d7580000,0x00000000d7580000)
  from space 512K, 75% used [0x00000000d7600000,0x00000000d7660000,0x00000000d7680000)
  to   space 512K, 0% used [0x00000000d7580000,0x00000000d7580000,0x00000000d7600000)
 ParOldGen       total 68608K, used 50546K [0x0000000080000000, 0x0000000084300000, 0x00000000d5580000)Event: 77.855 {heap After GC invocations=46 (full 3):
 PSYoungGen      total 33280K, used 384K [0x00000000d5580000, 0x00000000d7680000, 0x0000000100000000)
  eden space 32768K, 0% used [0x00000000d5580000,0x00000000d5580000,0x00000000d7580000)
  from space 512K, 75% used [0x00000000d7580000,0x00000000d75e0000,0x00000000d7600000)
  to   space 512K, 0% used [0x00000000d7600000,0x00000000d7600000,0x00000000d7680000)
 ParOldGen       total 68608K, used 50554K [0x0000000080000000, 0x0000000084300000, 0x00000000d5580000)
  obEvent: 77.955 {heap Before GC invocations=47 (full 3):
 PSYoungGen      total 33280K, used 33152K [0x00000000d5580000, 0x00000000d7680000, 0x0000000100000000)
  eden space 32768K, 100% used [0x00000000d5580000,0x00000000d7580000,0x00000000d7580000)
  from space 512K, 75% used [0x00000000d7580000,0x00000000d75e0000,0x00000000d7600000)
  to   space 512K, 0% used [0x00000000d7600000,0x00000000d7600000,0x00000000d7680000)
 ParOldGen       total 68608K, used 50554K [0x0000000080000000, 0x0000000084300000, 0x00000000d5580000)Event: 77.956 {heap After GC invocations=47 (full 3):
 PSYoungGen      total 33280K, used 416K [0x00000000d5580000, 0x00000000d7680000, 0x0000000100000000)
  eden space 32768K, 0% used [0x00000000d5580000,0x00000000d5580000,0x00000000d7580000)
  from space 512K, 81% used [0x00000000d7600000,0x00000000d7668000,0x00000000d7680000)
  to   space 512K, 0% used [0x00000000d7580000,0x00000000d7580000,0x00000000d7600000)
 ParOldGen       total 68608K, used 50586K [0x0000000080000000, 0x0000000084300000, 0x00000000d5580000)
  obEvent: 78.196 {heap Before GC invocations=48 (full 3):
 PSYoungGen      total 33280K, used 33183K [0x00000000d5580000, 0x00000000d7680000, 0x0000000100000000)
  eden space 32768K, 99% used [0x00000000d5580000,0x00000000d757ffc0,0x00000000d7580000)
  from space 512K, 81% used [0x00000000d7600000,0x00000000d7668000,0x00000000d7680000)
  to   space 512K, 0% used [0x00000000d7580000,0x00000000d7580000,0x00000000d7600000)
 ParOldGen       total 68608K, used 50586K [0x0000000080000000, 0x0000000084300000, 0x00000000d5580000)
Event: 78.200 {heap After GC invocations=48 (full 3):
 PSYoungGen      total 32768K, used 495K [0x00000000d5580000, 0x00000000d7a00000, 0x0000000100000000)
  eden space 32256K, 0% used [0x00000000d5580000,0x00000000d5580000,0x00000000d7500000)
  from space 512K, 96% used [0x00000000d7580000,0x00000000d75fbfc0,0x00000000d7600000)
  to   space 2560K, 0% used [0x00000000d7780000,0x00000000d7780000,0x00000000d7a00000)
 ParOldGen       total 68608K, used 52330K [0x0000000080000000, 0x0000000084300000, 0x00000000d5580000)
  oEvent: 11422.672 {heap Before GC invocations=49 (full 3):
 PSYoungGen      total 32768K, used 32751K [0x00000000d5580000, 0x00000000d7a00000, 0x0000000100000000)
  eden space 32256K, 100% used [0x00000000d5580000,0x00000000d7500000,0x00000000d7500000)
  from space 512K, 96% used [0x00000000d7580000,0x00000000d75fbfc0,0x00000000d7600000)
  to   space 2560K, 0% used [0x00000000d7780000,0x00000000d7780000,0x00000000d7a00000)
 ParOldGen       total 68608K, used 52330K [0x0000000080000000, 0x0000000084300000, 0x00000000d5580000Event: 11422.674 {heap After GC invocations=49 (full 3):
 PSYoungGen      total 32768K, used 544K [0x00000000d5580000, 0x00000000d7880000, 0x0000000100000000)
  eden space 31744K, 0% used [0x00000000d5580000,0x00000000d5580000,0x00000000d7480000)
  from space 1024K, 53% used [0x00000000d7780000,0x00000000d7808000,0x00000000d7880000)
  to   space 1536K, 0% used [0x00000000d7580000,0x00000000d7580000,0x00000000d7700000)
 ParOldGen       total 68608K, used 52794K [0x0000000080000000, 0x0000000084300000, 0x00000000d5580000)
  Event: 12004.398 {heap Before GC invocations=50 (full 3):
 PSYoungGen      total 32768K, used 32288K [0x00000000d5580000, 0x00000000d7880000, 0x0000000100000000)
  eden space 31744K, 100% used [0x00000000d5580000,0x00000000d7480000,0x00000000d7480000)
  from space 1024K, 53% used [0x00000000d7780000,0x00000000d7808000,0x00000000d7880000)
  to   space 1536K, 0% used [0x00000000d7580000,0x00000000d7580000,0x00000000d7700000)
 ParOldGen       total 68608K, used 52794K [0x0000000080000000, 0x0000000084300000, 0x00000000d558000Event: 12004.405 {heap After GC invocations=50 (full 3):
 PSYoungGen      total 32256K, used 976K [0x00000000d5580000, 0x00000000d7800000, 0x0000000100000000)
  eden space 31232K, 0% used [0x00000000d5580000,0x00000000d5580000,0x00000000d7400000)
  from space 1024K, 95% used [0x00000000d7580000,0x00000000d76740c8,0x00000000d7680000)
  to   space 1536K, 0% used [0x00000000d7680000,0x00000000d7680000,0x00000000d7800000)
 ParOldGen       total 68608K, used 53114K [0x0000000080000000, 0x0000000084300000, 0x00000000d5580000)
  
Metaspace Usage History (20 events):
Event: 77.114 {metaspace Before GC invocations=41 (full 3):
 Metaspace       used 68135K, committed 69376K, reserved 1114112K
  class space    used 6670K, committed 7168K, reserved 1048576K
}
Event: 77.120 {metaspace After GC invocations=41 (full 3):
 Metaspace       used 68135K, committed 69376K, reserved 1114112K
  class space    used 6670K, committed 7168K, reserved 1048576K
}
Event: 77.404 {metaspace Before GC invocations=42 (full 3):
 Metaspace       used 68211K, committed 69440K, reserved 1114112K
  class space    used 6671K, committed 7232K, reserved 1048576K
}
Event: 77.405 {metaspace After GC invocations=42 (full 3):
 Metaspace       used 68211K, committed 69440K, reserved 1114112K
  class space    used 6671K, committed 7232K, reserved 1048576K
}
Event: 77.519 {metaspace Before GC invocations=43 (full 3):
 Metaspace       used 68244K, committed 69504K, reserved 1114112K
  class space    used 6671K, committed 7232K, reserved 1048576K
}
Event: 77.520 {metaspace After GC invocations=43 (full 3):
 Metaspace       used 68244K, committed 69504K, reserved 1114112K
  class space    used 6671K, committed 7232K, reserved 1048576K
}
Event: 77.663 {metaspace Before GC invocations=44 (full 3):
 Metaspace       used 68279K, committed 69504K, reserved 1114112K
  class space    used 6671K, committed 7232K, reserved 1048576K
}
Event: 77.666 {metaspace After GC invocations=44 (full 3):
 Metaspace       used 68279K, committed 69504K, reserved 1114112K
  class space    used 6671K, committed 7232K, reserved 1048576K
}
Event: 77.793 {metaspace Before GC invocations=45 (full 3):
 Metaspace       used 68297K, committed 69504K, reserved 1114112K
  class space    used 6671K, committed 7232K, reserved 1048576K
}
Event: 77.793 {metaspace After GC invocations=45 (full 3):
 Metaspace       used 68297K, committed 69504K, reserved 1114112K
  class space    used 6671K, committed 7232K, reserved 1048576K
}
Event: 77.855 {metaspace Before GC invocations=46 (full 3):
 Metaspace       used 68297K, committed 69504K, reserved 1114112K
  class space    used 6671K, committed 7232K, reserved 1048576K
}
Event: 77.855 {metaspace After GC invocations=46 (full 3):
 Metaspace       used 68297K, committed 69504K, reserved 1114112K
  class space    used 6671K, committed 7232K, reserved 1048576K
}
Event: 77.955 {metaspace Before GC invocations=47 (full 3):
 Metaspace       used 68302K, committed 69504K, reserved 1114112K
  class space    used 6671K, committed 7232K, reserved 1048576K
}
Event: 77.956 {metaspace After GC invocations=47 (full 3):
 Metaspace       used 68302K, committed 69504K, reserved 1114112K
  class space    used 6671K, committed 7232K, reserved 1048576K
}
Event: 78.196 {metaspace Before GC invocations=48 (full 3):
 Metaspace       used 68396K, committed 69632K, reserved 1114112K
  class space    used 6674K, committed 7232K, reserved 1048576K
}
Event: 78.200 {metaspace After GC invocations=48 (full 3):
 Metaspace       used 68396K, committed 69632K, reserved 1114112K
  class space    used 6674K, committed 7232K, reserved 1048576K
}
Event: 11422.672 {metaspace Before GC invocations=49 (full 3):
 Metaspace       used 69304K, committed 70656K, reserved 1114112K
  class space    used 6764K, committed 7360K, reserved 1048576K
}
Event: 11422.674 {metaspace After GC invocations=49 (full 3):
 Metaspace       used 69304K, committed 70656K, reserved 1114112K
  class space    used 6764K, committed 7360K, reserved 1048576K
}
Event: 12004.398 {metaspace Before GC invocations=50 (full 3):
 Metaspace       used 70327K, committed 72000K, reserved 1114112K
  class space    used 6949K, committed 7680K, reserved 1048576K
}
Event: 12004.405 {metaspace After GC invocations=50 (full 3):
 Metaspace       used 70327K, committed 72000K, reserved 1114112K
  class space    used 6949K, committed 7680K, reserved 1048576K
}

